Flow report for dds_fsk
Sun Dec 18 20:53:54 2022
Quartus Prime Version 21.1.1 Build 850 06/23/2022 SJ Lite Edition


---------------------
; Table of Contents ;
---------------------
  1. Legal Notice
  2. Flow Summary
  3. Flow Settings
  4. Flow Non-Default Global Settings
  5. Flow Elapsed Time
  6. Flow OS Summary
  7. Flow Log
  8. Flow Messages
  9. Flow Suppressed Messages



----------------
; Legal Notice ;
----------------
Copyright (C) 2022  Intel Corporation. All rights reserved.
Your use of Intel Corporation's design tools, logic functions 
and other software and tools, and any partner logic 
functions, and any output files from any of the foregoing 
(including device programming or simulation files), and any 
associated documentation or information are expressly subject 
to the terms and conditions of the Intel Program License 
Subscription Agreement, the Intel Quartus Prime License Agreement,
the Intel FPGA IP License Agreement, or other applicable license
agreement, including, without limitation, that your use is for
the sole purpose of programming logic devices manufactured by
Intel and sold by Intel or its authorized distributors.  Please
refer to the applicable agreement for further details, at
https://fpgasoftware.intel.com/eula.



+----------------------------------------------------------------------------------+
; Flow Summary                                                                     ;
+------------------------------------+---------------------------------------------+
; Flow Status                        ; Successful - Sun Dec 18 20:53:51 2022       ;
; Quartus Prime Version              ; 21.1.1 Build 850 06/23/2022 SJ Lite Edition ;
; Revision Name                      ; dds_fsk                                     ;
; Top-level Entity Name              ; dds_fsk                                     ;
; Family                             ; MAX 10                                      ;
; Device                             ; 10M50DAF484C7G                              ;
; Timing Models                      ; Final                                       ;
; Total logic elements               ; 1,249 / 49,760 ( 3 % )                      ;
;     Total combinational functions  ; 990 / 49,760 ( 2 % )                        ;
;     Dedicated logic registers      ; 693 / 49,760 ( 1 % )                        ;
; Total registers                    ; 693                                         ;
; Total pins                         ; 76 / 360 ( 21 % )                           ;
; Total virtual pins                 ; 0                                           ;
; Total memory bits                  ; 25,600 / 1,677,312 ( 2 % )                  ;
; Embedded Multiplier 9-bit elements ; 0 / 288 ( 0 % )                             ;
; Total PLLs                         ; 1 / 4 ( 25 % )                              ;
; UFM blocks                         ; 0 / 1 ( 0 % )                               ;
; ADC blocks                         ; 0 / 2 ( 0 % )                               ;
+------------------------------------+---------------------------------------------+


+-----------------------------------------+
; Flow Settings                           ;
+-------------------+---------------------+
; Option            ; Setting             ;
+-------------------+---------------------+
; Start date & time ; 12/18/2022 20:53:22 ;
; Main task         ; Compilation         ;
; Revision Name     ; dds_fsk             ;
+-------------------+---------------------+


+-------------------------------------------------------------------------------------------------------------------------------------------------------------------------+
; Flow Non-Default Global Settings                                                                                                                                        ;
+-------------------------------------+----------------------------------------------------------------------------+---------------+-------------------+------------------+
; Assignment Name                     ; Value                                                                      ; Default Value ; Entity Name       ; Section Id       ;
+-------------------------------------+----------------------------------------------------------------------------+---------------+-------------------+------------------+
; COMPILER_SIGNATURE_ID               ; 84084434434008.167141480230220                                             ; --            ; --                ; --               ;
; ENABLE_SIGNALTAP                    ; On                                                                         ; --            ; --                ; --               ;
; MAX_CORE_JUNCTION_TEMP              ; 85                                                                         ; --            ; --                ; --               ;
; MIN_CORE_JUNCTION_TEMP              ; 0                                                                          ; --            ; --                ; --               ;
; MISC_FILE                           ; pll.bsf                                                                    ; --            ; --                ; --               ;
; MISC_FILE                           ; pll_bb.v                                                                   ; --            ; --                ; --               ;
; MISC_FILE                           ; pll.ppf                                                                    ; --            ; --                ; --               ;
; MISC_FILE                           ; mux_in.bsf                                                                 ; --            ; --                ; --               ;
; MISC_FILE                           ; mux_in_bb.v                                                                ; --            ; --                ; --               ;
; MISC_FILE                           ; mux_tune.bsf                                                               ; --            ; --                ; --               ;
; MISC_FILE                           ; mux_tune_bb.v                                                              ; --            ; --                ; --               ;
; MISC_FILE                           ; freq0.bsf                                                                  ; --            ; --                ; --               ;
; MISC_FILE                           ; freq0_bb.v                                                                 ; --            ; --                ; --               ;
; MISC_FILE                           ; freq1.bsf                                                                  ; --            ; --                ; --               ;
; MISC_FILE                           ; freq1_bb.v                                                                 ; --            ; --                ; --               ;
; MISC_FILE                           ; mux_LUT.bsf                                                                ; --            ; --                ; --               ;
; MISC_FILE                           ; mux_LUT_bb.v                                                               ; --            ; --                ; --               ;
; MISC_FILE                           ; sinLUT.bsf                                                                 ; --            ; --                ; --               ;
; MISC_FILE                           ; sinLUT_bb.v                                                                ; --            ; --                ; --               ;
; MISC_FILE                           ; triLUT.bsf                                                                 ; --            ; --                ; --               ;
; MISC_FILE                           ; triLUT_bb.v                                                                ; --            ; --                ; --               ;
; MISC_FILE                           ; decZero.bsf                                                                ; --            ; --                ; --               ;
; MISC_FILE                           ; decZero_bb.v                                                               ; --            ; --                ; --               ;
; MISC_FILE                           ; point.bsf                                                                  ; --            ; --                ; --               ;
; MISC_FILE                           ; point_bb.v                                                                 ; --            ; --                ; --               ;
; MISC_FILE                           ; const1.bsf                                                                 ; --            ; --                ; --               ;
; MISC_FILE                           ; const1_bb.v                                                                ; --            ; --                ; --               ;
; MISC_FILE                           ; const2.bsf                                                                 ; --            ; --                ; --               ;
; MISC_FILE                           ; const2_bb.v                                                                ; --            ; --                ; --               ;
; OUTPUT_IO_TIMING_FAR_END_VMEAS      ; Half Signal Swing                                                          ; --            ; --                ; --               ;
; OUTPUT_IO_TIMING_FAR_END_VMEAS      ; Half Signal Swing                                                          ; --            ; --                ; --               ;
; OUTPUT_IO_TIMING_NEAR_END_VMEAS     ; Half Vccio                                                                 ; --            ; --                ; --               ;
; OUTPUT_IO_TIMING_NEAR_END_VMEAS     ; Half Vccio                                                                 ; --            ; --                ; --               ;
; PARTITION_COLOR                     ; -- (Not supported for targeted family)                                     ; --            ; DE10_LITE_Default ; Top              ;
; PARTITION_COLOR                     ; -- (Not supported for targeted family)                                     ; --            ; --                ; Top              ;
; PARTITION_FITTER_PRESERVATION_LEVEL ; -- (Not supported for targeted family)                                     ; --            ; DE10_LITE_Default ; Top              ;
; PARTITION_FITTER_PRESERVATION_LEVEL ; -- (Not supported for targeted family)                                     ; --            ; --                ; Top              ;
; PARTITION_NETLIST_TYPE              ; -- (Not supported for targeted family)                                     ; --            ; DE10_LITE_Default ; Top              ;
; PARTITION_NETLIST_TYPE              ; -- (Not supported for targeted family)                                     ; --            ; --                ; Top              ;
; POWER_BOARD_THERMAL_MODEL           ; None (CONSERVATIVE)                                                        ; --            ; --                ; --               ;
; POWER_PRESET_COOLING_SOLUTION       ; 23 MM HEAT SINK WITH 200 LFPM AIRFLOW                                      ; --            ; --                ; --               ;
; PROJECT_OUTPUT_DIRECTORY            ; output_files                                                               ; --            ; --                ; --               ;
; SLD_FILE                            ; db/stp1_auto_stripped.stp                                                  ; --            ; --                ; --               ;
; SLD_NODE_CREATOR_ID                 ; 110                                                                        ; --            ; --                ; auto_signaltap_0 ;
; SLD_NODE_ENTITY_NAME                ; sld_signaltap                                                              ; --            ; --                ; auto_signaltap_0 ;
; SLD_NODE_PARAMETER_ASSIGNMENT       ; SLD_RAM_BLOCK_TYPE=AUTO                                                    ; --            ; --                ; auto_signaltap_0 ;
; SLD_NODE_PARAMETER_ASSIGNMENT       ; SLD_NODE_INFO=805334528                                                    ; --            ; --                ; auto_signaltap_0 ;
; SLD_NODE_PARAMETER_ASSIGNMENT       ; SLD_POWER_UP_TRIGGER=0                                                     ; --            ; --                ; auto_signaltap_0 ;
; SLD_NODE_PARAMETER_ASSIGNMENT       ; SLD_STORAGE_QUALIFIER_INVERSION_MASK_LENGTH=0                              ; --            ; --                ; auto_signaltap_0 ;
; SLD_NODE_PARAMETER_ASSIGNMENT       ; SLD_ATTRIBUTE_MEM_MODE=OFF                                                 ; --            ; --                ; auto_signaltap_0 ;
; SLD_NODE_PARAMETER_ASSIGNMENT       ; SLD_STATE_FLOW_USE_GENERATED=0                                             ; --            ; --                ; auto_signaltap_0 ;
; SLD_NODE_PARAMETER_ASSIGNMENT       ; SLD_STATE_BITS=11                                                          ; --            ; --                ; auto_signaltap_0 ;
; SLD_NODE_PARAMETER_ASSIGNMENT       ; SLD_BUFFER_FULL_STOP=1                                                     ; --            ; --                ; auto_signaltap_0 ;
; SLD_NODE_PARAMETER_ASSIGNMENT       ; SLD_CURRENT_RESOURCE_WIDTH=1                                               ; --            ; --                ; auto_signaltap_0 ;
; SLD_NODE_PARAMETER_ASSIGNMENT       ; SLD_INCREMENTAL_ROUTING=1                                                  ; --            ; --                ; auto_signaltap_0 ;
; SLD_NODE_PARAMETER_ASSIGNMENT       ; SLD_TRIGGER_LEVEL=1                                                        ; --            ; --                ; auto_signaltap_0 ;
; SLD_NODE_PARAMETER_ASSIGNMENT       ; SLD_TRIGGER_IN_ENABLED=0                                                   ; --            ; --                ; auto_signaltap_0 ;
; SLD_NODE_PARAMETER_ASSIGNMENT       ; SLD_TRIGGER_PIPELINE=0                                                     ; --            ; --                ; auto_signaltap_0 ;
; SLD_NODE_PARAMETER_ASSIGNMENT       ; SLD_COUNTER_PIPELINE=0                                                     ; --            ; --                ; auto_signaltap_0 ;
; SLD_NODE_PARAMETER_ASSIGNMENT       ; SLD_ADVANCED_TRIGGER_ENTITY=basic,1,                                       ; --            ; --                ; auto_signaltap_0 ;
; SLD_NODE_PARAMETER_ASSIGNMENT       ; SLD_TRIGGER_LEVEL_PIPELINE=1                                               ; --            ; --                ; auto_signaltap_0 ;
; SLD_NODE_PARAMETER_ASSIGNMENT       ; SLD_ENABLE_ADVANCED_TRIGGER=0                                              ; --            ; --                ; auto_signaltap_0 ;
; SLD_NODE_PARAMETER_ASSIGNMENT       ; SLD_DATA_BITS=10                                                           ; --            ; --                ; auto_signaltap_0 ;
; SLD_NODE_PARAMETER_ASSIGNMENT       ; SLD_TRIGGER_BITS=10                                                        ; --            ; --                ; auto_signaltap_0 ;
; SLD_NODE_PARAMETER_ASSIGNMENT       ; SLD_STORAGE_QUALIFIER_BITS=10                                              ; --            ; --                ; auto_signaltap_0 ;
; SLD_NODE_PARAMETER_ASSIGNMENT       ; SLD_RAM_PIPELINE=1                                                         ; --            ; --                ; auto_signaltap_0 ;
; SLD_NODE_PARAMETER_ASSIGNMENT       ; SLD_INVERSION_MASK=0000000000000000000000000000000000000000000000000000000 ; --            ; --                ; auto_signaltap_0 ;
; SLD_NODE_PARAMETER_ASSIGNMENT       ; SLD_INVERSION_MASK_LENGTH=55                                               ; --            ; --                ; auto_signaltap_0 ;
; SLD_NODE_PARAMETER_ASSIGNMENT       ; SLD_SEGMENT_SIZE=2048                                                      ; --            ; --                ; auto_signaltap_0 ;
; SLD_NODE_PARAMETER_ASSIGNMENT       ; SLD_SAMPLE_DEPTH=2048                                                      ; --            ; --                ; auto_signaltap_0 ;
; USE_SIGNALTAP_FILE                  ; stp1.stp                                                                   ; --            ; --                ; --               ;
+-------------------------------------+----------------------------------------------------------------------------+---------------+-------------------+------------------+


+--------------------------------------------------------------------------------------------------------------------------+
; Flow Elapsed Time                                                                                                        ;
+----------------------+--------------+-------------------------+---------------------+------------------------------------+
; Module Name          ; Elapsed Time ; Average Processors Used ; Peak Virtual Memory ; Total CPU Time (on all processors) ;
+----------------------+--------------+-------------------------+---------------------+------------------------------------+
; Analysis & Synthesis ; 00:00:16     ; 1.0                     ; 4908 MB             ; 00:00:18                           ;
; Fitter               ; 00:00:07     ; 1.2                     ; 5945 MB             ; 00:00:07                           ;
; Assembler            ; 00:00:03     ; 1.0                     ; 4724 MB             ; 00:00:03                           ;
; Timing Analyzer      ; 00:00:02     ; 1.5                     ; 4907 MB             ; 00:00:02                           ;
; Total                ; 00:00:28     ; --                      ; --                  ; 00:00:30                           ;
+----------------------+--------------+-------------------------+---------------------+------------------------------------+


+------------------------------------------------------------------------------------+
; Flow OS Summary                                                                    ;
+----------------------+------------------+------------+------------+----------------+
; Module Name          ; Machine Hostname ; OS Name    ; OS Version ; Processor type ;
+----------------------+------------------+------------+------------+----------------+
; Analysis & Synthesis ; Personal-Laptop  ; Windows 10 ; 10.0       ; x86_64         ;
; Fitter               ; Personal-Laptop  ; Windows 10 ; 10.0       ; x86_64         ;
; Assembler            ; Personal-Laptop  ; Windows 10 ; 10.0       ; x86_64         ;
; Timing Analyzer      ; Personal-Laptop  ; Windows 10 ; 10.0       ; x86_64         ;
+----------------------+------------------+------------+------------+----------------+


------------
; Flow Log ;
------------
quartus_map --read_settings_files=on --write_settings_files=off dds_fsk_sinTri -c dds_fsk
quartus_fit --read_settings_files=off --write_settings_files=off dds_fsk_sinTri -c dds_fsk
quartus_asm --read_settings_files=off --write_settings_files=off dds_fsk_sinTri -c dds_fsk
quartus_sta dds_fsk_sinTri -c dds_fsk



